<?xml version="1.0" encoding="UTF-8"?>
<!-- Generated by org.testng.reporters.JUnitReportReporter -->
<testsuite hostname="DESKTOP-0J3EE46" failures="0" tests="3" name="OrangeHRM.Tests.UserManagementTest" time="50.114" errors="0" timestamp="2025-02-21T23:27:20 IST" skipped="0">
  <testcase classname="OrangeHRM.Tests.UserManagementTest" name="createEmployeeTest" time="15.323"/>
  <testcase classname="OrangeHRM.Tests.UserManagementTest" name="createAdminTest" time="19.074"/>
  <testcase classname="OrangeHRM.Tests.UserManagementTest" name="createEmployeeTest" time="15.717"/>
</testsuite> <!-- OrangeHRM.Tests.UserManagementTest -->
