<?xml version="1.0" encoding="UTF-8"?>
<!-- Generated by org.testng.reporters.JUnitReportReporter -->
<testsuite hostname="DESKTOP-0J3EE46" failures="0" tests="1" name="OrangeHRM.Tests.UserCreation" time="20.943" errors="0" timestamp="2025-02-13T14:55:04 IST" skipped="0">
  <testcase classname="OrangeHRM.Tests.UserCreation" name="UserCreationTest" time="20.943"/>
</testsuite> <!-- OrangeHRM.Tests.UserCreation -->
