<?xml version="1.0" encoding="UTF-8"?>
<!-- Generated by org.testng.reporters.JUnitReportReporter -->
<testsuite hostname="DESKTOP-0J3EE46" failures="0" tests="2" name="OrangeHRM.Tests.PIM" time="34.898" errors="0" timestamp="2025-02-23T13:20:10 IST" skipped="0">
  <testcase classname="OrangeHRM.Tests.PIM" name="create_employee_test" time="14.827"/>
  <testcase classname="OrangeHRM.Tests.PIM" name="create_employee_test" time="20.071"/>
</testsuite> <!-- OrangeHRM.Tests.PIM -->
