<?xml version="1.0" encoding="UTF-8"?>
<!-- Generated by org.testng.reporters.JUnitReportReporter -->
<testsuite hostname="DESKTOP-0J3EE46" failures="0" tests="3" name="OrangeHRM.Tests.UserManagementTest" time="50.778" errors="0" timestamp="2025-02-22T00:24:57 IST" skipped="0">
  <testcase classname="OrangeHRM.Tests.UserManagementTest" name="createAdminTest" time="22.597"/>
  <testcase classname="OrangeHRM.Tests.UserManagementTest" name="createEmployeeTest" time="13.943"/>
  <testcase classname="OrangeHRM.Tests.UserManagementTest" name="createEmployeeTest" time="14.238"/>
</testsuite> <!-- OrangeHRM.Tests.UserManagementTest -->
