<?xml version="1.0" encoding="UTF-8"?>
<!-- Generated by org.testng.reporters.JUnitReportReporter -->
<testsuite hostname="DESKTOP-0J3EE46" failures="0" tests="4" name="OrangeHRM.Tests.AdminCreation" time="108.337" errors="0" timestamp="2025-02-17T16:29:19 IST" skipped="1">
  <testcase classname="OrangeHRM.Tests.AdminCreation" name="UserCreationTest" time="25.190"/>
  <testcase classname="OrangeHRM.Tests.AdminCreation" name="UserCreationTest" time="24.783"/>
  <testcase classname="OrangeHRM.Tests.AdminCreation" name="UserCreationTest" time="29.366">
    <skipped/>
  </testcase> <!-- UserCreationTest -->
  <testcase classname="OrangeHRM.Tests.AdminCreation" name="UserCreationTest" time="28.998"/>
</testsuite> <!-- OrangeHRM.Tests.AdminCreation -->
