<?xml version="1.0" encoding="UTF-8"?>
<!-- Generated by org.testng.reporters.JUnitReportReporter -->
<testsuite hostname="DESKTOP-0J3EE46" failures="0" tests="3" name="OrangeHRM.Tests.AdminCreation" time="80.433" errors="0" timestamp="2025-02-21T18:39:38 IST" skipped="0">
  <testcase classname="OrangeHRM.Tests.AdminCreation" name="UserCreationTest" time="26.531"/>
  <testcase classname="OrangeHRM.Tests.AdminCreation" name="UserCreationTest" time="28.794"/>
  <testcase classname="OrangeHRM.Tests.AdminCreation" name="UserCreationTest" time="25.108"/>
</testsuite> <!-- OrangeHRM.Tests.AdminCreation -->
