<?xml version="1.0" encoding="UTF-8"?>
<!-- Generated by org.testng.reporters.JUnitReportReporter -->
<testsuite hostname="DESKTOP-0J3EE46" failures="0" tests="3" name="OrangeHRM.Tests.UserManagementTest" time="49.836" errors="0" timestamp="2025-02-21T23:26:08 IST" skipped="0">
  <testcase classname="OrangeHRM.Tests.UserManagementTest" name="createEmployeeTest" time="13.252"/>
  <testcase classname="OrangeHRM.Tests.UserManagementTest" name="createEmployeeTest" time="14.825"/>
  <testcase classname="OrangeHRM.Tests.UserManagementTest" name="createAdminTest" time="21.759"/>
</testsuite> <!-- OrangeHRM.Tests.UserManagementTest -->
