<?xml version="1.0" encoding="UTF-8"?>
<!-- Generated by org.testng.reporters.JUnitReportReporter -->
<testsuite hostname="DESKTOP-0J3EE46" failures="0" tests="3" name="OrangeHRM.Tests.AdminCreation" time="74.350" errors="0" timestamp="2025-02-17T16:33:05 IST" skipped="0">
  <testcase classname="OrangeHRM.Tests.AdminCreation" name="UserCreationTest" time="24.060"/>
  <testcase classname="OrangeHRM.Tests.AdminCreation" name="UserCreationTest" time="23.538"/>
  <testcase classname="OrangeHRM.Tests.AdminCreation" name="UserCreationTest" time="26.752"/>
</testsuite> <!-- OrangeHRM.Tests.AdminCreation -->
